Braga
Porto
Bilbao
San Sebastián
Bordeaux
Paris
Lyon
Strasbourg
Guimarães
Coimbra
Vigo
Santander
Toulouse
Montpellier
Nice
Marseille
Lisbon
Évora
Setúbal
Valladolid
Madrid
Barcelona
Valencia
Palma (Mallorca)
Faro
Seville
Cordoba
Toledo
Zaragoza
Alicante
Murcia
Granada
Santa Cruz de Tenerife
Las Palmas de Gran Canaria
San Cristóbal de La Laguna
Puerto de la Cruz
Costa Adeje
Playa de Las Americas
Arrecife (Lanzarote)
Corralejo (Fuerteventura)
Mallorca
Ibiza Town
Mahón (Menorca)
Pollensa (Mallorca)
Palma Cathedral
Port de Sóller
Ciutadella (Menorca)
Eivissa Old Town
San Sebastián
Vitoria-Gasteiz
Zaragoza Basillica
Barcelona
Toledo Alcazar
Cadiz
Malaga
Murcia
Andorra la Vella
Gibraltar
Lisbon
Madrid
Paris
Nice
Toulouse
Bordeaux
